10400,2025-04-08 11:35:47.064095,Microsoft-Windows-NDIS,Unknown,{4d54cdbc-8abc-485c-9b10-7c77af28ab5b} | 7 | 19985273102270464 | Intel(R) Dual Band Wireless-AC 8260 | 3 | 703
10400,2025-04-08 11:35:51.676464,Microsoft-Windows-NDIS,Unknown,{4d54cdbc-8abc-485c-9b10-7c77af28ab5b} | 7 | 19985273102270464 | Intel(R) Dual Band Wireless-AC 8260 | 3 | 704
10400,2025-04-08 11:36:01.075123,Microsoft-Windows-NDIS,Unknown,{4d54cdbc-8abc-485c-9b10-7c77af28ab5b} | 7 | 19985273102270464 | Intel(R) Dual Band Wireless-AC 8260 | 3 | 705
10400,2025-04-08 11:36:33.372498,Microsoft-Windows-NDIS,Unknown,{4d54cdbc-8abc-485c-9b10-7c77af28ab5b} | 7 | 19985273102270464 | Intel(R) Dual Band Wireless-AC 8260 | 3 | 706
10400,2025-04-08 11:36:56.625246,Microsoft-Windows-NDIS,Unknown,{4d54cdbc-8abc-485c-9b10-7c77af28ab5b} | 7 | 19985273102270464 | Intel(R) Dual Band Wireless-AC 8260 | 3 | 707
10400,2025-04-08 11:37:07.389339,Microsoft-Windows-NDIS,Unknown,{4d54cdbc-8abc-485c-9b10-7c77af28ab5b} | 7 | 19985273102270464 | Intel(R) Dual Band Wireless-AC 8260 | 3 | 708
10400,2025-04-08 11:37:08.598146,Microsoft-Windows-NDIS,Unknown,{4d54cdbc-8abc-485c-9b10-7c77af28ab5b} | 7 | 19985273102270464 | Intel(R) Dual Band Wireless-AC 8260 | 3 | 709
10400,2025-04-08 11:37:17.126293,Microsoft-Windows-NDIS,Unknown,{4d54cdbc-8abc-485c-9b10-7c77af28ab5b} | 7 | 19985273102270464 | Intel(R) Dual Band Wireless-AC 8260 | 3 | 710
10400,2025-04-08 11:38:02.042332,Microsoft-Windows-NDIS,Unknown,{4d54cdbc-8abc-485c-9b10-7c77af28ab5b} | 7 | 19985273102270464 | Intel(R) Dual Band Wireless-AC 8260 | 3 | 711
10400,2025-04-08 11:38:52.406128,Microsoft-Windows-NDIS,Unknown,{4d54cdbc-8abc-485c-9b10-7c77af28ab5b} | 7 | 19985273102270464 | Intel(R) Dual Band Wireless-AC 8260 | 3 | 712
10400,2025-04-08 11:38:53.754713,Microsoft-Windows-NDIS,Unknown,{4d54cdbc-8abc-485c-9b10-7c77af28ab5b} | 7 | 19985273102270464 | Intel(R) Dual Band Wireless-AC 8260 | 3 | 713
10400,2025-04-08 11:38:55.409763,Microsoft-Windows-NDIS,Unknown,{4d54cdbc-8abc-485c-9b10-7c77af28ab5b} | 7 | 19985273102270464 | Intel(R) Dual Band Wireless-AC 8260 | 3 | 714
10400,2025-04-08 11:39:12.404282,Microsoft-Windows-NDIS,Unknown,{4d54cdbc-8abc-485c-9b10-7c77af28ab5b} | 7 | 19985273102270464 | Intel(R) Dual Band Wireless-AC 8260 | 3 | 715
10400,2025-04-08 11:39:41.685627,Microsoft-Windows-NDIS,Unknown,{4d54cdbc-8abc-485c-9b10-7c77af28ab5b} | 7 | 19985273102270464 | Intel(R) Dual Band Wireless-AC 8260 | 3 | 716
10400,2025-04-08 11:39:55.637012,Microsoft-Windows-NDIS,Unknown,{4d54cdbc-8abc-485c-9b10-7c77af28ab5b} | 7 | 19985273102270464 | Intel(R) Dual Band Wireless-AC 8260 | 3 | 717
10400,2025-04-08 11:40:49.171848,Microsoft-Windows-NDIS,Unknown,{4d54cdbc-8abc-485c-9b10-7c77af28ab5b} | 7 | 19985273102270464 | Intel(R) Dual Band Wireless-AC 8260 | 3 | 718
10400,2025-04-08 11:40:50.840286,Microsoft-Windows-NDIS,Unknown,{4d54cdbc-8abc-485c-9b10-7c77af28ab5b} | 7 | 19985273102270464 | Intel(R) Dual Band Wireless-AC 8260 | 3 | 719
10400,2025-04-08 11:40:52.207960,Microsoft-Windows-NDIS,Unknown,{4d54cdbc-8abc-485c-9b10-7c77af28ab5b} | 7 | 19985273102270464 | Intel(R) Dual Band Wireless-AC 8260 | 3 | 720
10400,2025-04-08 11:40:54.051565,Microsoft-Windows-NDIS,Unknown,{4d54cdbc-8abc-485c-9b10-7c77af28ab5b} | 7 | 19985273102270464 | Intel(R) Dual Band Wireless-AC 8260 | 3 | 721
10400,2025-04-08 11:40:57.863663,Microsoft-Windows-NDIS,Unknown,{4d54cdbc-8abc-485c-9b10-7c77af28ab5b} | 7 | 19985273102270464 | Intel(R) Dual Band Wireless-AC 8260 | 3 | 722
10400,2025-04-08 11:41:38.556862,Microsoft-Windows-NDIS,Unknown,{4d54cdbc-8abc-485c-9b10-7c77af28ab5b} | 7 | 19985273102270464 | Intel(R) Dual Band Wireless-AC 8260 | 3 | 723
10400,2025-04-08 11:43:06.670244,Microsoft-Windows-NDIS,Unknown,{4d54cdbc-8abc-485c-9b10-7c77af28ab5b} | 7 | 19985273102270464 | Intel(R) Dual Band Wireless-AC 8260 | 3 | 724
10400,2025-04-08 11:44:38.880259,Microsoft-Windows-NDIS,Unknown,{4d54cdbc-8abc-485c-9b10-7c77af28ab5b} | 7 | 19985273102270464 | Intel(R) Dual Band Wireless-AC 8260 | 3 | 725
10400,2025-04-08 11:46:07.890236,Microsoft-Windows-NDIS,Unknown,{4d54cdbc-8abc-485c-9b10-7c77af28ab5b} | 7 | 19985273102270464 | Intel(R) Dual Band Wireless-AC 8260 | 3 | 726
10400,2025-04-08 11:46:42.663568,Microsoft-Windows-NDIS,Unknown,{4d54cdbc-8abc-485c-9b10-7c77af28ab5b} | 7 | 19985273102270464 | Intel(R) Dual Band Wireless-AC 8260 | 3 | 727
10400,2025-04-08 11:47:13.645233,Microsoft-Windows-NDIS,Unknown,{4d54cdbc-8abc-485c-9b10-7c77af28ab5b} | 7 | 19985273102270464 | Intel(R) Dual Band Wireless-AC 8260 | 3 | 728
10400,2025-04-11 17:30:43.938396,Microsoft-Windows-NDIS,Unknown,{4d54cdbc-8abc-485c-9b10-7c77af28ab5b} | 7 | 19985273102270464 | Intel(R) Dual Band Wireless-AC 8260 | 3 | 1
10400,2025-04-11 17:30:44.499836,Microsoft-Windows-NDIS,Unknown,{4d54cdbc-8abc-485c-9b10-7c77af28ab5b} | 7 | 19985273102270464 | Intel(R) Dual Band Wireless-AC 8260 | 3 | 2
10400,2025-04-11 17:30:45.535141,Microsoft-Windows-NDIS,Unknown,{4d54cdbc-8abc-485c-9b10-7c77af28ab5b} | 7 | 19985273102270464 | Intel(R) Dual Band Wireless-AC 8260 | 3 | 3
10400,2025-04-11 17:30:46.000412,Microsoft-Windows-NDIS,Unknown,{4d54cdbc-8abc-485c-9b10-7c77af28ab5b} | 7 | 19985273102270464 | Intel(R) Dual Band Wireless-AC 8260 | 3 | 4
10400,2025-04-11 17:30:46.783073,Microsoft-Windows-NDIS,Unknown,{4d54cdbc-8abc-485c-9b10-7c77af28ab5b} | 7 | 19985273102270464 | Intel(R) Dual Band Wireless-AC 8260 | 3 | 5
10400,2025-04-11 17:30:47.543180,Microsoft-Windows-NDIS,Unknown,{4d54cdbc-8abc-485c-9b10-7c77af28ab5b} | 7 | 19985273102270464 | Intel(R) Dual Band Wireless-AC 8260 | 3 | 6
10400,2025-04-11 17:30:48.167700,Microsoft-Windows-NDIS,Unknown,{4d54cdbc-8abc-485c-9b10-7c77af28ab5b} | 7 | 19985273102270464 | Intel(R) Dual Band Wireless-AC 8260 | 3 | 7
10400,2025-04-11 17:30:49.010828,Microsoft-Windows-NDIS,Unknown,{4d54cdbc-8abc-485c-9b10-7c77af28ab5b} | 7 | 19985273102270464 | Intel(R) Dual Band Wireless-AC 8260 | 3 | 8
10400,2025-04-11 17:30:50.939373,Microsoft-Windows-NDIS,Unknown,{4d54cdbc-8abc-485c-9b10-7c77af28ab5b} | 7 | 19985273102270464 | Intel(R) Dual Band Wireless-AC 8260 | 3 | 9
10400,2025-04-11 17:30:53.124014,Microsoft-Windows-NDIS,Unknown,{4d54cdbc-8abc-485c-9b10-7c77af28ab5b} | 7 | 19985273102270464 | Intel(R) Dual Band Wireless-AC 8260 | 3 | 10
10400,2025-04-11 17:30:53.565863,Microsoft-Windows-NDIS,Unknown,{4d54cdbc-8abc-485c-9b10-7c77af28ab5b} | 7 | 19985273102270464 | Intel(R) Dual Band Wireless-AC 8260 | 3 | 11
10400,2025-04-11 17:30:54.702795,Microsoft-Windows-NDIS,Unknown,{4d54cdbc-8abc-485c-9b10-7c77af28ab5b} | 7 | 19985273102270464 | Intel(R) Dual Band Wireless-AC 8260 | 3 | 12
10400,2025-04-11 17:30:56.424221,Microsoft-Windows-NDIS,Unknown,{4d54cdbc-8abc-485c-9b10-7c77af28ab5b} | 7 | 19985273102270464 | Intel(R) Dual Band Wireless-AC 8260 | 3 | 13
10400,2025-04-24 05:40:00.581450,Microsoft-Windows-NDIS,Unknown,{4d54cdbc-8abc-485c-9b10-7c77af28ab5b} | 7 | 19985273102270464 | Intel(R) Dual Band Wireless-AC 8260 | 3 | 1
10400,2025-04-24 05:40:01.786985,Microsoft-Windows-NDIS,Unknown,{4d54cdbc-8abc-485c-9b10-7c77af28ab5b} | 7 | 19985273102270464 | Intel(R) Dual Band Wireless-AC 8260 | 3 | 2
10400,2025-04-24 05:40:02.792252,Microsoft-Windows-NDIS,Unknown,{4d54cdbc-8abc-485c-9b10-7c77af28ab5b} | 7 | 19985273102270464 | Intel(R) Dual Band Wireless-AC 8260 | 3 | 3
10400,2025-04-24 05:40:23.664907,Microsoft-Windows-NDIS,Unknown,{4d54cdbc-8abc-485c-9b10-7c77af28ab5b} | 7 | 19985273102270464 | Intel(R) Dual Band Wireless-AC 8260 | 3 | 4
10400,2025-04-24 05:41:02.112003,Microsoft-Windows-NDIS,Unknown,{4d54cdbc-8abc-485c-9b10-7c77af28ab5b} | 7 | 19985273102270464 | Intel(R) Dual Band Wireless-AC 8260 | 3 | 5
10400,2025-04-24 05:41:27.743950,Microsoft-Windows-NDIS,Unknown,{4d54cdbc-8abc-485c-9b10-7c77af28ab5b} | 7 | 19985273102270464 | Intel(R) Dual Band Wireless-AC 8260 | 3 | 6
10400,2025-04-24 05:41:28.784060,Microsoft-Windows-NDIS,Unknown,{4d54cdbc-8abc-485c-9b10-7c77af28ab5b} | 7 | 19985273102270464 | Intel(R) Dual Band Wireless-AC 8260 | 3 | 7
10400,2025-04-24 05:41:31.381863,Microsoft-Windows-NDIS,Unknown,{4d54cdbc-8abc-485c-9b10-7c77af28ab5b} | 7 | 19985273102270464 | Intel(R) Dual Band Wireless-AC 8260 | 3 | 8
10400,2025-04-24 05:41:32.488510,Microsoft-Windows-NDIS,Unknown,{4d54cdbc-8abc-485c-9b10-7c77af28ab5b} | 7 | 19985273102270464 | Intel(R) Dual Band Wireless-AC 8260 | 3 | 9
10400,2025-04-24 05:41:33.375238,Microsoft-Windows-NDIS,Unknown,{4d54cdbc-8abc-485c-9b10-7c77af28ab5b} | 7 | 19985273102270464 | Intel(R) Dual Band Wireless-AC 8260 | 3 | 10
10400,2025-04-24 05:41:34.383049,Microsoft-Windows-NDIS,Unknown,{4d54cdbc-8abc-485c-9b10-7c77af28ab5b} | 7 | 19985273102270464 | Intel(R) Dual Band Wireless-AC 8260 | 3 | 11
10400,2025-04-24 05:41:35.297319,Microsoft-Windows-NDIS,Unknown,{4d54cdbc-8abc-485c-9b10-7c77af28ab5b} | 7 | 19985273102270464 | Intel(R) Dual Band Wireless-AC 8260 | 3 | 12
10400,2025-04-24 05:41:36.188063,Microsoft-Windows-NDIS,Unknown,{4d54cdbc-8abc-485c-9b10-7c77af28ab5b} | 7 | 19985273102270464 | Intel(R) Dual Band Wireless-AC 8260 | 3 | 13
10400,2025-04-24 05:41:37.152800,Microsoft-Windows-NDIS,Unknown,{4d54cdbc-8abc-485c-9b10-7c77af28ab5b} | 7 | 19985273102270464 | Intel(R) Dual Band Wireless-AC 8260 | 3 | 14
10400,2025-04-24 05:41:38.054722,Microsoft-Windows-NDIS,Unknown,{4d54cdbc-8abc-485c-9b10-7c77af28ab5b} | 7 | 19985273102270464 | Intel(R) Dual Band Wireless-AC 8260 | 3 | 15
10400,2025-04-24 05:41:47.857473,Microsoft-Windows-NDIS,Unknown,{4d54cdbc-8abc-485c-9b10-7c77af28ab5b} | 7 | 19985273102270464 | Intel(R) Dual Band Wireless-AC 8260 | 3 | 16
10400,2025-04-24 05:41:52.162947,Microsoft-Windows-NDIS,Unknown,{4d54cdbc-8abc-485c-9b10-7c77af28ab5b} | 7 | 19985273102270464 | Intel(R) Dual Band Wireless-AC 8260 | 3 | 17
10400,2025-04-24 05:41:53.165956,Microsoft-Windows-NDIS,Unknown,{4d54cdbc-8abc-485c-9b10-7c77af28ab5b} | 7 | 19985273102270464 | Intel(R) Dual Band Wireless-AC 8260 | 3 | 18
10400,2025-04-24 05:41:54.074783,Microsoft-Windows-NDIS,Unknown,{4d54cdbc-8abc-485c-9b10-7c77af28ab5b} | 7 | 19985273102270464 | Intel(R) Dual Band Wireless-AC 8260 | 3 | 19
10400,2025-04-24 05:41:54.948179,Microsoft-Windows-NDIS,Unknown,{4d54cdbc-8abc-485c-9b10-7c77af28ab5b} | 7 | 19985273102270464 | Intel(R) Dual Band Wireless-AC 8260 | 3 | 20
10400,2025-04-24 05:41:56.027925,Microsoft-Windows-NDIS,Unknown,{4d54cdbc-8abc-485c-9b10-7c77af28ab5b} | 7 | 19985273102270464 | Intel(R) Dual Band Wireless-AC 8260 | 3 | 21
10400,2025-04-24 05:41:57.131853,Microsoft-Windows-NDIS,Unknown,{4d54cdbc-8abc-485c-9b10-7c77af28ab5b} | 7 | 19985273102270464 | Intel(R) Dual Band Wireless-AC 8260 | 3 | 22
10400,2025-04-24 05:41:57.981329,Microsoft-Windows-NDIS,Unknown,{4d54cdbc-8abc-485c-9b10-7c77af28ab5b} | 7 | 19985273102270464 | Intel(R) Dual Band Wireless-AC 8260 | 3 | 23
10400,2025-04-24 05:41:58.960381,Microsoft-Windows-NDIS,Unknown,{4d54cdbc-8abc-485c-9b10-7c77af28ab5b} | 7 | 19985273102270464 | Intel(R) Dual Band Wireless-AC 8260 | 3 | 24
10400,2025-04-24 05:42:35.661016,Microsoft-Windows-NDIS,Unknown,{4d54cdbc-8abc-485c-9b10-7c77af28ab5b} | 7 | 19985273102270464 | Intel(R) Dual Band Wireless-AC 8260 | 3 | 25
10400,2025-04-24 05:42:36.563652,Microsoft-Windows-NDIS,Unknown,{4d54cdbc-8abc-485c-9b10-7c77af28ab5b} | 7 | 19985273102270464 | Intel(R) Dual Band Wireless-AC 8260 | 3 | 26
10400,2025-04-24 05:42:37.550968,Microsoft-Windows-NDIS,Unknown,{4d54cdbc-8abc-485c-9b10-7c77af28ab5b} | 7 | 19985273102270464 | Intel(R) Dual Band Wireless-AC 8260 | 3 | 27
10400,2025-04-24 05:42:38.410223,Microsoft-Windows-NDIS,Unknown,{4d54cdbc-8abc-485c-9b10-7c77af28ab5b} | 7 | 19985273102270464 | Intel(R) Dual Band Wireless-AC 8260 | 3 | 28
10400,2025-04-24 05:42:39.304379,Microsoft-Windows-NDIS,Unknown,{4d54cdbc-8abc-485c-9b10-7c77af28ab5b} | 7 | 19985273102270464 | Intel(R) Dual Band Wireless-AC 8260 | 3 | 29
10400,2025-04-24 05:42:40.164322,Microsoft-Windows-NDIS,Unknown,{4d54cdbc-8abc-485c-9b10-7c77af28ab5b} | 7 | 19985273102270464 | Intel(R) Dual Band Wireless-AC 8260 | 3 | 30
10400,2025-04-24 05:42:41.127108,Microsoft-Windows-NDIS,Unknown,{4d54cdbc-8abc-485c-9b10-7c77af28ab5b} | 7 | 19985273102270464 | Intel(R) Dual Band Wireless-AC 8260 | 3 | 31
10400,2025-04-24 05:42:42.101458,Microsoft-Windows-NDIS,Unknown,{4d54cdbc-8abc-485c-9b10-7c77af28ab5b} | 7 | 19985273102270464 | Intel(R) Dual Band Wireless-AC 8260 | 3 | 32
10400,2025-04-24 05:43:00.771574,Microsoft-Windows-NDIS,Unknown,{4d54cdbc-8abc-485c-9b10-7c77af28ab5b} | 7 | 19985273102270464 | Intel(R) Dual Band Wireless-AC 8260 | 3 | 33
10400,2025-04-24 05:43:01.675968,Microsoft-Windows-NDIS,Unknown,{4d54cdbc-8abc-485c-9b10-7c77af28ab5b} | 7 | 19985273102270464 | Intel(R) Dual Band Wireless-AC 8260 | 3 | 34
10400,2025-04-24 05:43:02.640623,Microsoft-Windows-NDIS,Unknown,{4d54cdbc-8abc-485c-9b10-7c77af28ab5b} | 7 | 19985273102270464 | Intel(R) Dual Band Wireless-AC 8260 | 3 | 35
10400,2025-04-24 05:43:03.473034,Microsoft-Windows-NDIS,Unknown,{4d54cdbc-8abc-485c-9b10-7c77af28ab5b} | 7 | 19985273102270464 | Intel(R) Dual Band Wireless-AC 8260 | 3 | 36
10400,2025-04-24 05:43:41.880796,Microsoft-Windows-NDIS,Unknown,{4d54cdbc-8abc-485c-9b10-7c77af28ab5b} | 7 | 19985273102270464 | Intel(R) Dual Band Wireless-AC 8260 | 3 | 37
10400,2025-04-24 05:43:47.648285,Microsoft-Windows-NDIS,Unknown,{4d54cdbc-8abc-485c-9b10-7c77af28ab5b} | 7 | 19985273102270464 | Intel(R) Dual Band Wireless-AC 8260 | 3 | 38
10400,2025-04-24 05:43:48.432320,Microsoft-Windows-NDIS,Unknown,{4d54cdbc-8abc-485c-9b10-7c77af28ab5b} | 7 | 19985273102270464 | Intel(R) Dual Band Wireless-AC 8260 | 3 | 39
10400,2025-04-24 05:43:49.429039,Microsoft-Windows-NDIS,Unknown,{4d54cdbc-8abc-485c-9b10-7c77af28ab5b} | 7 | 19985273102270464 | Intel(R) Dual Band Wireless-AC 8260 | 3 | 40
10400,2025-04-24 05:43:50.263742,Microsoft-Windows-NDIS,Unknown,{4d54cdbc-8abc-485c-9b10-7c77af28ab5b} | 7 | 19985273102270464 | Intel(R) Dual Band Wireless-AC 8260 | 3 | 41
10400,2025-04-24 05:43:51.272997,Microsoft-Windows-NDIS,Unknown,{4d54cdbc-8abc-485c-9b10-7c77af28ab5b} | 7 | 19985273102270464 | Intel(R) Dual Band Wireless-AC 8260 | 3 | 42
10400,2025-04-24 05:43:52.318247,Microsoft-Windows-NDIS,Unknown,{4d54cdbc-8abc-485c-9b10-7c77af28ab5b} | 7 | 19985273102270464 | Intel(R) Dual Band Wireless-AC 8260 | 3 | 43
10400,2025-04-24 05:43:53.231840,Microsoft-Windows-NDIS,Unknown,{4d54cdbc-8abc-485c-9b10-7c77af28ab5b} | 7 | 19985273102270464 | Intel(R) Dual Band Wireless-AC 8260 | 3 | 44
10400,2025-04-24 05:43:54.208443,Microsoft-Windows-NDIS,Unknown,{4d54cdbc-8abc-485c-9b10-7c77af28ab5b} | 7 | 19985273102270464 | Intel(R) Dual Band Wireless-AC 8260 | 3 | 45
10400,2025-04-24 05:43:55.112099,Microsoft-Windows-NDIS,Unknown,{4d54cdbc-8abc-485c-9b10-7c77af28ab5b} | 7 | 19985273102270464 | Intel(R) Dual Band Wireless-AC 8260 | 3 | 46
10400,2025-04-24 05:43:55.958458,Microsoft-Windows-NDIS,Unknown,{4d54cdbc-8abc-485c-9b10-7c77af28ab5b} | 7 | 19985273102270464 | Intel(R) Dual Band Wireless-AC 8260 | 3 | 47
10400,2025-04-24 05:44:12.585522,Microsoft-Windows-NDIS,Unknown,{4d54cdbc-8abc-485c-9b10-7c77af28ab5b} | 7 | 19985273102270464 | Intel(R) Dual Band Wireless-AC 8260 | 3 | 48
10400,2025-04-24 05:44:13.502678,Microsoft-Windows-NDIS,Unknown,{4d54cdbc-8abc-485c-9b10-7c77af28ab5b} | 7 | 19985273102270464 | Intel(R) Dual Band Wireless-AC 8260 | 3 | 49
10400,2025-04-24 05:44:14.413797,Microsoft-Windows-NDIS,Unknown,{4d54cdbc-8abc-485c-9b10-7c77af28ab5b} | 7 | 19985273102270464 | Intel(R) Dual Band Wireless-AC 8260 | 3 | 50
10400,2025-04-24 05:44:15.303276,Microsoft-Windows-NDIS,Unknown,{4d54cdbc-8abc-485c-9b10-7c77af28ab5b} | 7 | 19985273102270464 | Intel(R) Dual Band Wireless-AC 8260 | 3 | 51
10400,2025-04-24 05:44:56.738455,Microsoft-Windows-NDIS,Unknown,{4d54cdbc-8abc-485c-9b10-7c77af28ab5b} | 7 | 19985273102270464 | Intel(R) Dual Band Wireless-AC 8260 | 3 | 52
10400,2025-04-24 05:44:59.506071,Microsoft-Windows-NDIS,Unknown,{4d54cdbc-8abc-485c-9b10-7c77af28ab5b} | 7 | 19985273102270464 | Intel(R) Dual Band Wireless-AC 8260 | 3 | 53
10400,2025-04-24 05:45:00.429131,Microsoft-Windows-NDIS,Unknown,{4d54cdbc-8abc-485c-9b10-7c77af28ab5b} | 7 | 19985273102270464 | Intel(R) Dual Band Wireless-AC 8260 | 3 | 54
10400,2025-04-24 05:45:23.607857,Microsoft-Windows-NDIS,Unknown,{4d54cdbc-8abc-485c-9b10-7c77af28ab5b} | 7 | 19985273102270464 | Intel(R) Dual Band Wireless-AC 8260 | 3 | 55
10400,2025-04-24 05:45:24.413210,Microsoft-Windows-NDIS,Unknown,{4d54cdbc-8abc-485c-9b10-7c77af28ab5b} | 7 | 19985273102270464 | Intel(R) Dual Band Wireless-AC 8260 | 3 | 56
10400,2025-04-24 05:45:25.277630,Microsoft-Windows-NDIS,Unknown,{4d54cdbc-8abc-485c-9b10-7c77af28ab5b} | 7 | 19985273102270464 | Intel(R) Dual Band Wireless-AC 8260 | 3 | 57
10400,2025-04-24 05:45:26.143621,Microsoft-Windows-NDIS,Unknown,{4d54cdbc-8abc-485c-9b10-7c77af28ab5b} | 7 | 19985273102270464 | Intel(R) Dual Band Wireless-AC 8260 | 3 | 58
10400,2025-04-24 05:45:27.024113,Microsoft-Windows-NDIS,Unknown,{4d54cdbc-8abc-485c-9b10-7c77af28ab5b} | 7 | 19985273102270464 | Intel(R) Dual Band Wireless-AC 8260 | 3 | 59
10400,2025-04-24 05:50:36.691364,Microsoft-Windows-NDIS,Unknown,{4d54cdbc-8abc-485c-9b10-7c77af28ab5b} | 7 | 19985273102270464 | Intel(R) Dual Band Wireless-AC 8260 | 3 | 60
10400,2025-04-24 05:50:37.797546,Microsoft-Windows-NDIS,Unknown,{4d54cdbc-8abc-485c-9b10-7c77af28ab5b} | 7 | 19985273102270464 | Intel(R) Dual Band Wireless-AC 8260 | 3 | 61
10400,2025-04-24 05:59:01.375349,Microsoft-Windows-NDIS,Unknown,{4d54cdbc-8abc-485c-9b10-7c77af28ab5b} | 7 | 19985273102270464 | Intel(R) Dual Band Wireless-AC 8260 | 3 | 62
10400,2025-04-24 05:59:02.356581,Microsoft-Windows-NDIS,Unknown,{4d54cdbc-8abc-485c-9b10-7c77af28ab5b} | 7 | 19985273102270464 | Intel(R) Dual Band Wireless-AC 8260 | 3 | 63
10400,2025-04-24 05:59:03.318863,Microsoft-Windows-NDIS,Unknown,{4d54cdbc-8abc-485c-9b10-7c77af28ab5b} | 7 | 19985273102270464 | Intel(R) Dual Band Wireless-AC 8260 | 3 | 64
10400,2025-04-24 05:59:28.500313,Microsoft-Windows-NDIS,Unknown,{4d54cdbc-8abc-485c-9b10-7c77af28ab5b} | 7 | 19985273102270464 | Intel(R) Dual Band Wireless-AC 8260 | 3 | 65
10400,2025-04-24 05:59:29.461815,Microsoft-Windows-NDIS,Unknown,{4d54cdbc-8abc-485c-9b10-7c77af28ab5b} | 7 | 19985273102270464 | Intel(R) Dual Band Wireless-AC 8260 | 3 | 66
10400,2025-04-24 05:59:30.432352,Microsoft-Windows-NDIS,Unknown,{4d54cdbc-8abc-485c-9b10-7c77af28ab5b} | 7 | 19985273102270464 | Intel(R) Dual Band Wireless-AC 8260 | 3 | 67
10400,2025-04-24 05:59:31.352949,Microsoft-Windows-NDIS,Unknown,{4d54cdbc-8abc-485c-9b10-7c77af28ab5b} | 7 | 19985273102270464 | Intel(R) Dual Band Wireless-AC 8260 | 3 | 68
10400,2025-04-24 05:59:49.170969,Microsoft-Windows-NDIS,Unknown,{4d54cdbc-8abc-485c-9b10-7c77af28ab5b} | 7 | 19985273102270464 | Intel(R) Dual Band Wireless-AC 8260 | 3 | 69
10400,2025-04-24 05:59:50.382847,Microsoft-Windows-NDIS,Unknown,{4d54cdbc-8abc-485c-9b10-7c77af28ab5b} | 7 | 19985273102270464 | Intel(R) Dual Band Wireless-AC 8260 | 3 | 70
10400,2025-04-24 05:59:51.428684,Microsoft-Windows-NDIS,Unknown,{4d54cdbc-8abc-485c-9b10-7c77af28ab5b} | 7 | 19985273102270464 | Intel(R) Dual Band Wireless-AC 8260 | 3 | 71
10400,2025-04-24 06:00:10.585876,Microsoft-Windows-NDIS,Unknown,{4d54cdbc-8abc-485c-9b10-7c77af28ab5b} | 7 | 19985273102270464 | Intel(R) Dual Band Wireless-AC 8260 | 3 | 72
10400,2025-04-24 06:00:11.893999,Microsoft-Windows-NDIS,Unknown,{4d54cdbc-8abc-485c-9b10-7c77af28ab5b} | 7 | 19985273102270464 | Intel(R) Dual Band Wireless-AC 8260 | 3 | 73
10400,2025-04-24 06:00:13.098036,Microsoft-Windows-NDIS,Unknown,{4d54cdbc-8abc-485c-9b10-7c77af28ab5b} | 7 | 19985273102270464 | Intel(R) Dual Band Wireless-AC 8260 | 3 | 74
10400,2025-04-24 06:00:14.022621,Microsoft-Windows-NDIS,Unknown,{4d54cdbc-8abc-485c-9b10-7c77af28ab5b} | 7 | 19985273102270464 | Intel(R) Dual Band Wireless-AC 8260 | 3 | 75
10400,2025-04-24 06:00:15.235720,Microsoft-Windows-NDIS,Unknown,{4d54cdbc-8abc-485c-9b10-7c77af28ab5b} | 7 | 19985273102270464 | Intel(R) Dual Band Wireless-AC 8260 | 3 | 76
10400,2025-04-24 06:00:51.859066,Microsoft-Windows-NDIS,Unknown,{4d54cdbc-8abc-485c-9b10-7c77af28ab5b} | 7 | 19985273102270464 | Intel(R) Dual Band Wireless-AC 8260 | 3 | 77
10400,2025-04-24 06:00:53.129772,Microsoft-Windows-NDIS,Unknown,{4d54cdbc-8abc-485c-9b10-7c77af28ab5b} | 7 | 19985273102270464 | Intel(R) Dual Band Wireless-AC 8260 | 3 | 78
10400,2025-04-24 06:00:54.127489,Microsoft-Windows-NDIS,Unknown,{4d54cdbc-8abc-485c-9b10-7c77af28ab5b} | 7 | 19985273102270464 | Intel(R) Dual Band Wireless-AC 8260 | 3 | 79
10400,2025-04-24 06:00:55.039736,Microsoft-Windows-NDIS,Unknown,{4d54cdbc-8abc-485c-9b10-7c77af28ab5b} | 7 | 19985273102270464 | Intel(R) Dual Band Wireless-AC 8260 | 3 | 80
10400,2025-04-24 06:00:56.031239,Microsoft-Windows-NDIS,Unknown,{4d54cdbc-8abc-485c-9b10-7c77af28ab5b} | 7 | 19985273102270464 | Intel(R) Dual Band Wireless-AC 8260 | 3 | 81
10400,2025-04-24 06:00:56.891508,Microsoft-Windows-NDIS,Unknown,{4d54cdbc-8abc-485c-9b10-7c77af28ab5b} | 7 | 19985273102270464 | Intel(R) Dual Band Wireless-AC 8260 | 3 | 82
10400,2025-04-24 06:00:58.001678,Microsoft-Windows-NDIS,Unknown,{4d54cdbc-8abc-485c-9b10-7c77af28ab5b} | 7 | 19985273102270464 | Intel(R) Dual Band Wireless-AC 8260 | 3 | 83
10400,2025-04-24 06:01:14.332468,Microsoft-Windows-NDIS,Unknown,{4d54cdbc-8abc-485c-9b10-7c77af28ab5b} | 7 | 19985273102270464 | Intel(R) Dual Band Wireless-AC 8260 | 3 | 84
10400,2025-04-24 06:01:15.360882,Microsoft-Windows-NDIS,Unknown,{4d54cdbc-8abc-485c-9b10-7c77af28ab5b} | 7 | 19985273102270464 | Intel(R) Dual Band Wireless-AC 8260 | 3 | 85
10400,2025-04-24 06:01:16.314194,Microsoft-Windows-NDIS,Unknown,{4d54cdbc-8abc-485c-9b10-7c77af28ab5b} | 7 | 19985273102270464 | Intel(R) Dual Band Wireless-AC 8260 | 3 | 86
10400,2025-04-24 06:01:38.719547,Microsoft-Windows-NDIS,Unknown,{4d54cdbc-8abc-485c-9b10-7c77af28ab5b} | 7 | 19985273102270464 | Intel(R) Dual Band Wireless-AC 8260 | 3 | 87
10400,2025-04-24 06:01:39.533056,Microsoft-Windows-NDIS,Unknown,{4d54cdbc-8abc-485c-9b10-7c77af28ab5b} | 7 | 19985273102270464 | Intel(R) Dual Band Wireless-AC 8260 | 3 | 88
10400,2025-04-24 06:01:40.677689,Microsoft-Windows-NDIS,Unknown,{4d54cdbc-8abc-485c-9b10-7c77af28ab5b} | 7 | 19985273102270464 | Intel(R) Dual Band Wireless-AC 8260 | 3 | 89
10400,2025-04-24 06:02:03.987570,Microsoft-Windows-NDIS,Unknown,{4d54cdbc-8abc-485c-9b10-7c77af28ab5b} | 7 | 19985273102270464 | Intel(R) Dual Band Wireless-AC 8260 | 3 | 90
10400,2025-04-24 06:02:04.929071,Microsoft-Windows-NDIS,Unknown,{4d54cdbc-8abc-485c-9b10-7c77af28ab5b} | 7 | 19985273102270464 | Intel(R) Dual Band Wireless-AC 8260 | 3 | 91
10400,2025-04-24 06:02:05.924944,Microsoft-Windows-NDIS,Unknown,{4d54cdbc-8abc-485c-9b10-7c77af28ab5b} | 7 | 19985273102270464 | Intel(R) Dual Band Wireless-AC 8260 | 3 | 92
10400,2025-04-24 06:02:27.190763,Microsoft-Windows-NDIS,Unknown,{4d54cdbc-8abc-485c-9b10-7c77af28ab5b} | 7 | 19985273102270464 | Intel(R) Dual Band Wireless-AC 8260 | 3 | 93
10400,2025-04-24 06:02:28.209267,Microsoft-Windows-NDIS,Unknown,{4d54cdbc-8abc-485c-9b10-7c77af28ab5b} | 7 | 19985273102270464 | Intel(R) Dual Band Wireless-AC 8260 | 3 | 94
10400,2025-04-24 06:03:14.398647,Microsoft-Windows-NDIS,Unknown,{4d54cdbc-8abc-485c-9b10-7c77af28ab5b} | 7 | 19985273102270464 | Intel(R) Dual Band Wireless-AC 8260 | 3 | 95
10400,2025-04-24 06:03:15.409048,Microsoft-Windows-NDIS,Unknown,{4d54cdbc-8abc-485c-9b10-7c77af28ab5b} | 7 | 19985273102270464 | Intel(R) Dual Band Wireless-AC 8260 | 3 | 96
10400,2025-04-24 06:03:16.386990,Microsoft-Windows-NDIS,Unknown,{4d54cdbc-8abc-485c-9b10-7c77af28ab5b} | 7 | 19985273102270464 | Intel(R) Dual Band Wireless-AC 8260 | 3 | 97
10400,2025-04-24 06:03:18.963451,Microsoft-Windows-NDIS,Unknown,{4d54cdbc-8abc-485c-9b10-7c77af28ab5b} | 7 | 19985273102270464 | Intel(R) Dual Band Wireless-AC 8260 | 3 | 98
10400,2025-04-24 06:03:35.279129,Microsoft-Windows-NDIS,Unknown,{4d54cdbc-8abc-485c-9b10-7c77af28ab5b} | 7 | 19985273102270464 | Intel(R) Dual Band Wireless-AC 8260 | 3 | 99
10400,2025-04-24 06:03:36.072039,Microsoft-Windows-NDIS,Unknown,{4d54cdbc-8abc-485c-9b10-7c77af28ab5b} | 7 | 19985273102270464 | Intel(R) Dual Band Wireless-AC 8260 | 3 | 100
10400,2025-04-24 06:03:37.048395,Microsoft-Windows-NDIS,Unknown,{4d54cdbc-8abc-485c-9b10-7c77af28ab5b} | 7 | 19985273102270464 | Intel(R) Dual Band Wireless-AC 8260 | 3 | 101
10400,2025-04-24 06:03:54.162397,Microsoft-Windows-NDIS,Unknown,{4d54cdbc-8abc-485c-9b10-7c77af28ab5b} | 7 | 19985273102270464 | Intel(R) Dual Band Wireless-AC 8260 | 3 | 102
10400,2025-04-24 06:03:55.609371,Microsoft-Windows-NDIS,Unknown,{4d54cdbc-8abc-485c-9b10-7c77af28ab5b} | 7 | 19985273102270464 | Intel(R) Dual Band Wireless-AC 8260 | 3 | 103
10400,2025-04-24 06:03:56.491661,Microsoft-Windows-NDIS,Unknown,{4d54cdbc-8abc-485c-9b10-7c77af28ab5b} | 7 | 19985273102270464 | Intel(R) Dual Band Wireless-AC 8260 | 3 | 104
10400,2025-04-24 06:03:57.477236,Microsoft-Windows-NDIS,Unknown,{4d54cdbc-8abc-485c-9b10-7c77af28ab5b} | 7 | 19985273102270464 | Intel(R) Dual Band Wireless-AC 8260 | 3 | 105
10400,2025-04-24 06:03:58.403795,Microsoft-Windows-NDIS,Unknown,{4d54cdbc-8abc-485c-9b10-7c77af28ab5b} | 7 | 19985273102270464 | Intel(R) Dual Band Wireless-AC 8260 | 3 | 106
10400,2025-04-24 06:04:17.689028,Microsoft-Windows-NDIS,Unknown,{4d54cdbc-8abc-485c-9b10-7c77af28ab5b} | 7 | 19985273102270464 | Intel(R) Dual Band Wireless-AC 8260 | 3 | 107
10400,2025-04-24 06:04:19.008118,Microsoft-Windows-NDIS,Unknown,{4d54cdbc-8abc-485c-9b10-7c77af28ab5b} | 7 | 19985273102270464 | Intel(R) Dual Band Wireless-AC 8260 | 3 | 108
10400,2025-04-24 06:04:19.898632,Microsoft-Windows-NDIS,Unknown,{4d54cdbc-8abc-485c-9b10-7c77af28ab5b} | 7 | 19985273102270464 | Intel(R) Dual Band Wireless-AC 8260 | 3 | 109
10400,2025-04-24 06:04:20.674313,Microsoft-Windows-NDIS,Unknown,{4d54cdbc-8abc-485c-9b10-7c77af28ab5b} | 7 | 19985273102270464 | Intel(R) Dual Band Wireless-AC 8260 | 3 | 110
10400,2025-04-24 06:04:21.504930,Microsoft-Windows-NDIS,Unknown,{4d54cdbc-8abc-485c-9b10-7c77af28ab5b} | 7 | 19985273102270464 | Intel(R) Dual Band Wireless-AC 8260 | 3 | 111
10400,2025-04-24 06:04:42.779730,Microsoft-Windows-NDIS,Unknown,{4d54cdbc-8abc-485c-9b10-7c77af28ab5b} | 7 | 19985273102270464 | Intel(R) Dual Band Wireless-AC 8260 | 3 | 112
10400,2025-04-24 06:04:43.677395,Microsoft-Windows-NDIS,Unknown,{4d54cdbc-8abc-485c-9b10-7c77af28ab5b} | 7 | 19985273102270464 | Intel(R) Dual Band Wireless-AC 8260 | 3 | 113
10400,2025-04-24 06:04:44.623528,Microsoft-Windows-NDIS,Unknown,{4d54cdbc-8abc-485c-9b10-7c77af28ab5b} | 7 | 19985273102270464 | Intel(R) Dual Band Wireless-AC 8260 | 3 | 114
10400,2025-04-24 06:04:45.550436,Microsoft-Windows-NDIS,Unknown,{4d54cdbc-8abc-485c-9b10-7c77af28ab5b} | 7 | 19985273102270464 | Intel(R) Dual Band Wireless-AC 8260 | 3 | 115
10400,2025-04-24 06:04:46.429323,Microsoft-Windows-NDIS,Unknown,{4d54cdbc-8abc-485c-9b10-7c77af28ab5b} | 7 | 19985273102270464 | Intel(R) Dual Band Wireless-AC 8260 | 3 | 116
10400,2025-04-24 06:05:04.380022,Microsoft-Windows-NDIS,Unknown,{4d54cdbc-8abc-485c-9b10-7c77af28ab5b} | 7 | 19985273102270464 | Intel(R) Dual Band Wireless-AC 8260 | 3 | 117
10400,2025-04-24 06:05:27.611498,Microsoft-Windows-NDIS,Unknown,{4d54cdbc-8abc-485c-9b10-7c77af28ab5b} | 7 | 19985273102270464 | Intel(R) Dual Band Wireless-AC 8260 | 3 | 118
10400,2025-04-24 06:05:28.479061,Microsoft-Windows-NDIS,Unknown,{4d54cdbc-8abc-485c-9b10-7c77af28ab5b} | 7 | 19985273102270464 | Intel(R) Dual Band Wireless-AC 8260 | 3 | 119
10400,2025-04-24 06:05:29.549358,Microsoft-Windows-NDIS,Unknown,{4d54cdbc-8abc-485c-9b10-7c77af28ab5b} | 7 | 19985273102270464 | Intel(R) Dual Band Wireless-AC 8260 | 3 | 120
10400,2025-04-24 06:06:04.952852,Microsoft-Windows-NDIS,Unknown,{4d54cdbc-8abc-485c-9b10-7c77af28ab5b} | 7 | 19985273102270464 | Intel(R) Dual Band Wireless-AC 8260 | 3 | 121
10400,2025-04-24 06:06:09.979002,Microsoft-Windows-NDIS,Unknown,{4d54cdbc-8abc-485c-9b10-7c77af28ab5b} | 7 | 19985273102270464 | Intel(R) Dual Band Wireless-AC 8260 | 3 | 122
10400,2025-04-24 06:06:28.244158,Microsoft-Windows-NDIS,Unknown,{4d54cdbc-8abc-485c-9b10-7c77af28ab5b} | 7 | 19985273102270464 | Intel(R) Dual Band Wireless-AC 8260 | 3 | 123
10400,2025-04-24 06:06:29.605091,Microsoft-Windows-NDIS,Unknown,{4d54cdbc-8abc-485c-9b10-7c77af28ab5b} | 7 | 19985273102270464 | Intel(R) Dual Band Wireless-AC 8260 | 3 | 124
10400,2025-04-24 06:06:32.635309,Microsoft-Windows-NDIS,Unknown,{4d54cdbc-8abc-485c-9b10-7c77af28ab5b} | 7 | 19985273102270464 | Intel(R) Dual Band Wireless-AC 8260 | 3 | 125
10400,2025-04-24 06:06:36.249855,Microsoft-Windows-NDIS,Unknown,{4d54cdbc-8abc-485c-9b10-7c77af28ab5b} | 7 | 19985273102270464 | Intel(R) Dual Band Wireless-AC 8260 | 3 | 126
10400,2025-04-24 06:06:37.178827,Microsoft-Windows-NDIS,Unknown,{4d54cdbc-8abc-485c-9b10-7c77af28ab5b} | 7 | 19985273102270464 | Intel(R) Dual Band Wireless-AC 8260 | 3 | 127
10400,2025-04-24 06:07:22.215963,Microsoft-Windows-NDIS,Unknown,{4d54cdbc-8abc-485c-9b10-7c77af28ab5b} | 7 | 19985273102270464 | Intel(R) Dual Band Wireless-AC 8260 | 3 | 128
10400,2025-04-24 06:07:23.780024,Microsoft-Windows-NDIS,Unknown,{4d54cdbc-8abc-485c-9b10-7c77af28ab5b} | 7 | 19985273102270464 | Intel(R) Dual Band Wireless-AC 8260 | 3 | 129
10400,2025-04-24 06:07:24.662495,Microsoft-Windows-NDIS,Unknown,{4d54cdbc-8abc-485c-9b10-7c77af28ab5b} | 7 | 19985273102270464 | Intel(R) Dual Band Wireless-AC 8260 | 3 | 130
10400,2025-04-24 06:07:25.489454,Microsoft-Windows-NDIS,Unknown,{4d54cdbc-8abc-485c-9b10-7c77af28ab5b} | 7 | 19985273102270464 | Intel(R) Dual Band Wireless-AC 8260 | 3 | 131
10400,2025-04-24 06:07:26.480169,Microsoft-Windows-NDIS,Unknown,{4d54cdbc-8abc-485c-9b10-7c77af28ab5b} | 7 | 19985273102270464 | Intel(R) Dual Band Wireless-AC 8260 | 3 | 132
10400,2025-04-24 06:07:27.377710,Microsoft-Windows-NDIS,Unknown,{4d54cdbc-8abc-485c-9b10-7c77af28ab5b} | 7 | 19985273102270464 | Intel(R) Dual Band Wireless-AC 8260 | 3 | 133
10400,2025-04-24 06:07:32.026529,Microsoft-Windows-NDIS,Unknown,{4d54cdbc-8abc-485c-9b10-7c77af28ab5b} | 7 | 19985273102270464 | Intel(R) Dual Band Wireless-AC 8260 | 3 | 134
10400,2025-04-24 06:07:43.727104,Microsoft-Windows-NDIS,Unknown,{4d54cdbc-8abc-485c-9b10-7c77af28ab5b} | 7 | 19985273102270464 | Intel(R) Dual Band Wireless-AC 8260 | 3 | 135
10400,2025-04-24 06:07:44.546217,Microsoft-Windows-NDIS,Unknown,{4d54cdbc-8abc-485c-9b10-7c77af28ab5b} | 7 | 19985273102270464 | Intel(R) Dual Band Wireless-AC 8260 | 3 | 136
10400,2025-04-24 06:07:45.551630,Microsoft-Windows-NDIS,Unknown,{4d54cdbc-8abc-485c-9b10-7c77af28ab5b} | 7 | 19985273102270464 | Intel(R) Dual Band Wireless-AC 8260 | 3 | 137
10400,2025-04-24 06:07:46.398046,Microsoft-Windows-NDIS,Unknown,{4d54cdbc-8abc-485c-9b10-7c77af28ab5b} | 7 | 19985273102270464 | Intel(R) Dual Band Wireless-AC 8260 | 3 | 138
10400,2025-04-24 06:07:47.328825,Microsoft-Windows-NDIS,Unknown,{4d54cdbc-8abc-485c-9b10-7c77af28ab5b} | 7 | 19985273102270464 | Intel(R) Dual Band Wireless-AC 8260 | 3 | 139
10400,2025-04-24 06:07:48.251619,Microsoft-Windows-NDIS,Unknown,{4d54cdbc-8abc-485c-9b10-7c77af28ab5b} | 7 | 19985273102270464 | Intel(R) Dual Band Wireless-AC 8260 | 3 | 140
10400,2025-04-24 06:07:49.226231,Microsoft-Windows-NDIS,Unknown,{4d54cdbc-8abc-485c-9b10-7c77af28ab5b} | 7 | 19985273102270464 | Intel(R) Dual Band Wireless-AC 8260 | 3 | 141
10400,2025-04-24 06:08:06.831434,Microsoft-Windows-NDIS,Unknown,{4d54cdbc-8abc-485c-9b10-7c77af28ab5b} | 7 | 19985273102270464 | Intel(R) Dual Band Wireless-AC 8260 | 3 | 142
10400,2025-04-24 06:08:07.727013,Microsoft-Windows-NDIS,Unknown,{4d54cdbc-8abc-485c-9b10-7c77af28ab5b} | 7 | 19985273102270464 | Intel(R) Dual Band Wireless-AC 8260 | 3 | 143
10400,2025-04-24 06:08:08.711054,Microsoft-Windows-NDIS,Unknown,{4d54cdbc-8abc-485c-9b10-7c77af28ab5b} | 7 | 19985273102270464 | Intel(R) Dual Band Wireless-AC 8260 | 3 | 144
10400,2025-04-24 06:08:24.685789,Microsoft-Windows-NDIS,Unknown,{4d54cdbc-8abc-485c-9b10-7c77af28ab5b} | 7 | 19985273102270464 | Intel(R) Dual Band Wireless-AC 8260 | 3 | 145
10400,2025-04-24 06:08:25.761127,Microsoft-Windows-NDIS,Unknown,{4d54cdbc-8abc-485c-9b10-7c77af28ab5b} | 7 | 19985273102270464 | Intel(R) Dual Band Wireless-AC 8260 | 3 | 146
10400,2025-04-24 06:08:26.553535,Microsoft-Windows-NDIS,Unknown,{4d54cdbc-8abc-485c-9b10-7c77af28ab5b} | 7 | 19985273102270464 | Intel(R) Dual Band Wireless-AC 8260 | 3 | 147
10400,2025-04-24 06:08:27.325340,Microsoft-Windows-NDIS,Unknown,{4d54cdbc-8abc-485c-9b10-7c77af28ab5b} | 7 | 19985273102270464 | Intel(R) Dual Band Wireless-AC 8260 | 3 | 148
10400,2025-04-24 06:08:28.250900,Microsoft-Windows-NDIS,Unknown,{4d54cdbc-8abc-485c-9b10-7c77af28ab5b} | 7 | 19985273102270464 | Intel(R) Dual Band Wireless-AC 8260 | 3 | 149
10400,2025-04-24 06:08:28.929848,Microsoft-Windows-NDIS,Unknown,{4d54cdbc-8abc-485c-9b10-7c77af28ab5b} | 7 | 19985273102270464 | Intel(R) Dual Band Wireless-AC 8260 | 3 | 150
10400,2025-04-24 06:08:29.949625,Microsoft-Windows-NDIS,Unknown,{4d54cdbc-8abc-485c-9b10-7c77af28ab5b} | 7 | 19985273102270464 | Intel(R) Dual Band Wireless-AC 8260 | 3 | 151
10400,2025-04-24 06:08:30.996790,Microsoft-Windows-NDIS,Unknown,{4d54cdbc-8abc-485c-9b10-7c77af28ab5b} | 7 | 19985273102270464 | Intel(R) Dual Band Wireless-AC 8260 | 3 | 152
10400,2025-04-24 06:08:31.998360,Microsoft-Windows-NDIS,Unknown,{4d54cdbc-8abc-485c-9b10-7c77af28ab5b} | 7 | 19985273102270464 | Intel(R) Dual Band Wireless-AC 8260 | 3 | 153
10400,2025-04-24 06:08:32.759848,Microsoft-Windows-NDIS,Unknown,{4d54cdbc-8abc-485c-9b10-7c77af28ab5b} | 7 | 19985273102270464 | Intel(R) Dual Band Wireless-AC 8260 | 3 | 154
10400,2025-04-24 06:09:08.469507,Microsoft-Windows-NDIS,Unknown,{4d54cdbc-8abc-485c-9b10-7c77af28ab5b} | 7 | 19985273102270464 | Intel(R) Dual Band Wireless-AC 8260 | 3 | 155
10400,2025-04-24 06:09:09.354975,Microsoft-Windows-NDIS,Unknown,{4d54cdbc-8abc-485c-9b10-7c77af28ab5b} | 7 | 19985273102270464 | Intel(R) Dual Band Wireless-AC 8260 | 3 | 156
10400,2025-04-24 06:09:11.590769,Microsoft-Windows-NDIS,Unknown,{4d54cdbc-8abc-485c-9b10-7c77af28ab5b} | 7 | 19985273102270464 | Intel(R) Dual Band Wireless-AC 8260 | 3 | 157
10400,2025-04-24 06:09:12.483715,Microsoft-Windows-NDIS,Unknown,{4d54cdbc-8abc-485c-9b10-7c77af28ab5b} | 7 | 19985273102270464 | Intel(R) Dual Band Wireless-AC 8260 | 3 | 158
10400,2025-04-24 06:09:13.492414,Microsoft-Windows-NDIS,Unknown,{4d54cdbc-8abc-485c-9b10-7c77af28ab5b} | 7 | 19985273102270464 | Intel(R) Dual Band Wireless-AC 8260 | 3 | 159
10400,2025-04-24 06:09:15.731806,Microsoft-Windows-NDIS,Unknown,{4d54cdbc-8abc-485c-9b10-7c77af28ab5b} | 7 | 19985273102270464 | Intel(R) Dual Band Wireless-AC 8260 | 3 | 160
10400,2025-04-24 06:09:16.548357,Microsoft-Windows-NDIS,Unknown,{4d54cdbc-8abc-485c-9b10-7c77af28ab5b} | 7 | 19985273102270464 | Intel(R) Dual Band Wireless-AC 8260 | 3 | 161
10400,2025-04-24 06:09:38.865339,Microsoft-Windows-NDIS,Unknown,{4d54cdbc-8abc-485c-9b10-7c77af28ab5b} | 7 | 19985273102270464 | Intel(R) Dual Band Wireless-AC 8260 | 3 | 162
10400,2025-04-24 06:09:39.684593,Microsoft-Windows-NDIS,Unknown,{4d54cdbc-8abc-485c-9b10-7c77af28ab5b} | 7 | 19985273102270464 | Intel(R) Dual Band Wireless-AC 8260 | 3 | 163
10400,2025-04-24 06:10:21.406717,Microsoft-Windows-NDIS,Unknown,{4d54cdbc-8abc-485c-9b10-7c77af28ab5b} | 7 | 19985273102270464 | Intel(R) Dual Band Wireless-AC 8260 | 3 | 164
10400,2025-04-24 06:10:22.296932,Microsoft-Windows-NDIS,Unknown,{4d54cdbc-8abc-485c-9b10-7c77af28ab5b} | 7 | 19985273102270464 | Intel(R) Dual Band Wireless-AC 8260 | 3 | 165
10400,2025-04-24 06:10:41.782162,Microsoft-Windows-NDIS,Unknown,{4d54cdbc-8abc-485c-9b10-7c77af28ab5b} | 7 | 19985273102270464 | Intel(R) Dual Band Wireless-AC 8260 | 3 | 166
10400,2025-04-24 06:10:42.723366,Microsoft-Windows-NDIS,Unknown,{4d54cdbc-8abc-485c-9b10-7c77af28ab5b} | 7 | 19985273102270464 | Intel(R) Dual Band Wireless-AC 8260 | 3 | 167
10400,2025-04-24 06:10:43.542477,Microsoft-Windows-NDIS,Unknown,{4d54cdbc-8abc-485c-9b10-7c77af28ab5b} | 7 | 19985273102270464 | Intel(R) Dual Band Wireless-AC 8260 | 3 | 168
10400,2025-04-24 06:10:44.368246,Microsoft-Windows-NDIS,Unknown,{4d54cdbc-8abc-485c-9b10-7c77af28ab5b} | 7 | 19985273102270464 | Intel(R) Dual Band Wireless-AC 8260 | 3 | 169
10400,2025-04-24 06:11:06.940516,Microsoft-Windows-NDIS,Unknown,{4d54cdbc-8abc-485c-9b10-7c77af28ab5b} | 7 | 19985273102270464 | Intel(R) Dual Band Wireless-AC 8260 | 3 | 170
10400,2025-04-24 06:11:08.077602,Microsoft-Windows-NDIS,Unknown,{4d54cdbc-8abc-485c-9b10-7c77af28ab5b} | 7 | 19985273102270464 | Intel(R) Dual Band Wireless-AC 8260 | 3 | 171
10400,2025-04-24 06:11:08.935232,Microsoft-Windows-NDIS,Unknown,{4d54cdbc-8abc-485c-9b10-7c77af28ab5b} | 7 | 19985273102270464 | Intel(R) Dual Band Wireless-AC 8260 | 3 | 172
10400,2025-04-24 06:11:25.896074,Microsoft-Windows-NDIS,Unknown,{4d54cdbc-8abc-485c-9b10-7c77af28ab5b} | 7 | 19985273102270464 | Intel(R) Dual Band Wireless-AC 8260 | 3 | 173
10400,2025-04-24 06:11:27.977699,Microsoft-Windows-NDIS,Unknown,{4d54cdbc-8abc-485c-9b10-7c77af28ab5b} | 7 | 19985273102270464 | Intel(R) Dual Band Wireless-AC 8260 | 3 | 174
10400,2025-04-24 06:13:29.854523,Microsoft-Windows-NDIS,Unknown,{4d54cdbc-8abc-485c-9b10-7c77af28ab5b} | 7 | 19985273102270464 | Intel(R) Dual Band Wireless-AC 8260 | 3 | 175
10400,2025-04-24 06:15:27.984619,Microsoft-Windows-NDIS,Unknown,{4d54cdbc-8abc-485c-9b10-7c77af28ab5b} | 7 | 19985273102270464 | Intel(R) Dual Band Wireless-AC 8260 | 3 | 176
10400,2025-04-24 06:16:26.820345,Microsoft-Windows-NDIS,Unknown,{4d54cdbc-8abc-485c-9b10-7c77af28ab5b} | 7 | 19985273102270464 | Intel(R) Dual Band Wireless-AC 8260 | 3 | 177
10400,2025-04-24 06:16:28.119625,Microsoft-Windows-NDIS,Unknown,{4d54cdbc-8abc-485c-9b10-7c77af28ab5b} | 7 | 19985273102270464 | Intel(R) Dual Band Wireless-AC 8260 | 3 | 178
10400,2025-04-24 06:16:58.655445,Microsoft-Windows-NDIS,Unknown,{4d54cdbc-8abc-485c-9b10-7c77af28ab5b} | 7 | 19985273102270464 | Intel(R) Dual Band Wireless-AC 8260 | 3 | 179
